1702280319309	geckodriver	INFO	Listening on 127.0.0.1:61332
1702280322351	mozrunner::runner	INFO	Running command: "C:\\Program Files\\Mozilla Firefox\\firefox.exe" "--marionette" "--remote-debugging-port" "61333" "--remote-allow-hosts" "localhost" "-no-remote" "-profile" "C:\\Users\\elwin\\AppData\\Local\\Temp\\rust_mozprofileNGy6XF"
console.warn: services.settings: Ignoring preference override of remote settings server
console.warn: services.settings: Allow by setting MOZ_REMOTE_SETTINGS_DEVTOOLS=1 in the environment
1702280322868	Marionette	INFO	Marionette enabled
Dynamically enable window occlusion 0
1702280322954	Marionette	INFO	Listening on port 61342
WebDriver BiDi listening on ws://127.0.0.1:61333
Read port: 61342
1702280323146	RemoteAgent	WARN	TLS certificate errors will be ignored for this session
DevTools listening on ws://127.0.0.1:61333/devtools/browser/d5be4943-890d-4c3f-8a72-d251b8effdad
JavaScript warning: https://uww.org/events, line 481: unreachable code after return statement
JavaScript warning: https://uww.org/events, line 481: unreachable code after return statement
1702280353750	addons.xpi	ERROR	System addon update list error SyntaxError: XMLHttpRequest.open: 'http://%(server)s/dummy-system-addons.xml' is not a valid URL.
Exiting due to channel error.
Exiting due to channel error.
1702281973913	geckodriver	INFO	Listening on 127.0.0.1:61732
1702281976943	mozrunner::runner	INFO	Running command: "C:\\Program Files\\Mozilla Firefox\\firefox.exe" "--marionette" "--remote-debugging-port" "61733" "--remote-allow-hosts" "localhost" "-no-remote" "-profile" "C:\\Users\\elwin\\AppData\\Local\\Temp\\rust_mozprofilel0ASrp"
console.warn: services.settings: Ignoring preference override of remote settings server
console.warn: services.settings: Allow by setting MOZ_REMOTE_SETTINGS_DEVTOOLS=1 in the environment
1702281977331	Marionette	INFO	Marionette enabled
Dynamically enable window occlusion 0
1702281977416	Marionette	INFO	Listening on port 61741
WebDriver BiDi listening on ws://127.0.0.1:61733
Read port: 61741
1702281977629	RemoteAgent	WARN	TLS certificate errors will be ignored for this session
DevTools listening on ws://127.0.0.1:61733/devtools/browser/e421763a-1d59-4b20-a173-a48985643461
JavaScript warning: https://uww.org/events, line 481: unreachable code after return statement
JavaScript warning: https://uww.org/events, line 481: unreachable code after return statement
1702282008041	addons.xpi	ERROR	System addon update list error SyntaxError: XMLHttpRequest.open: 'http://%(server)s/dummy-system-addons.xml' is not a valid URL.
JavaScript warning: https://connect.facebook.net/en_US/fbevents.js, line 24: Script terminated by timeout at:
value@https://connect.facebook.net/en_US/fbevents.js:24:7878
@https://connect.facebook.net/en_US/fbevents.js:24:69164

1702282617527	Marionette	INFO	Stopped listening on port 61741
Dynamically enable window occlusion 1

console.warn: services.settings: Ignoring preference override of remote settings server
console.warn: services.settings: Allow by setting MOZ_REMOTE_SETTINGS_DEVTOOLS=1 in the environment
1702282016029	Marionette	INFO	Marionette enabled
Dynamically enable window occlusion 0
1702282016099	Marionette	INFO	Listening on port 61856
WebDriver BiDi listening on ws://127.0.0.1:61846
Read port: 61856
1702282016274	RemoteAgent	WARN	TLS certificate errors will be ignored for this session
DevTools listening on ws://127.0.0.1:61846/devtools/browser/e3f24f2b-d73a-41e2-9c98-e90a2086d6cf
JavaScript warning: https://uww.org/events, line 481: unreachable code after return statement
JavaScript warning: https://uww.org/events, line 481: unreachable code after return statement
1702282046700	addons.xpi	ERROR	System addon update list error SyntaxError: XMLHttpRequest.open: 'http://%(server)s/dummy-system-addons.xml' is not a valid URL.
JavaScript warning: https://connect.facebook.net/en_US/fbevents.js, line 24: Script terminated by timeout at:
value@https://connect.facebook.net/en_US/fbevents.js:24:7878
@https://connect.facebook.net/en_US/fbevents.js:24:69164

1702282618620	Marionette	INFO	Stopped listening on port 61856
Dynamically enable window occlusion 1

console.warn: services.settings: Ignoring preference override of remote settings server
console.warn: services.settings: Allow by setting MOZ_REMOTE_SETTINGS_DEVTOOLS=1 in the environment
1702282080432	Marionette	INFO	Marionette enabled
Dynamically enable window occlusion 0
1702282080504	Marionette	INFO	Listening on port 61972
WebDriver BiDi listening on ws://127.0.0.1:61960
Read port: 61972
1702282080679	RemoteAgent	WARN	TLS certificate errors will be ignored for this session
DevTools listening on ws://127.0.0.1:61960/devtools/browser/ecad78c6-b545-498f-8162-22ce4b7c3d92
JavaScript warning: https://uww.org/events, line 481: unreachable code after return statement
JavaScript warning: https://uww.org/events, line 481: unreachable code after return statement
1702282111046	addons.xpi	ERROR	System addon update list error SyntaxError: XMLHttpRequest.open: 'http://%(server)s/dummy-system-addons.xml' is not a valid URL.
JavaScript warning: https://uww.org/events, line 481: unreachable code after return statement
JavaScript warning: https://uww.org/events, line 481: unreachable code after return statement
JavaScript warning: https://www.googletagmanager.com/gtag/js?id=G-ZDLSR2WZCG&l=dataLayer&cx=c, line 171: Script terminated by timeout at:
l@https://www.googletagmanager.com/gtag/js?id=G-ZDLSR2WZCG&l=dataLayer&cx=c:171:17
mA@https://www.googletagmanager.com/gtag/js?id=G-ZDLSR2WZCG&l=dataLayer&cx=c:549:134
nA/<@https://www.googletagmanager.com/gtag/js?id=G-ZDLSR2WZCG&l=dataLayer&cx=c:549:111

1702282619780	Marionette	INFO	Stopped listening on port 61972
Dynamically enable window occlusion 1
LS=1 in the environment
1702282586542	Marionette	INFO	Marionette enabled
Dynamically enable window occlusion 0
1702282586619	Marionette	INFO	Listening on port 62472
WebDriver BiDi listening on ws://127.0.0.1:62464
Read port: 62472
1702282586797	RemoteAgent	WARN	TLS certificate errors will be ignored for this session
DevTools listening on ws://127.0.0.1:62464/devtools/browser/93311a0c-8786-4f1e-b288-e2750aea05d8
JavaScript warning: https://uww.org/events, line 481: unreachable code after return statement
JavaScript warning: https://uww.org/events, line 481: unreachable code after return statement
1702282617451	addons.xpi	ERROR	System addon update list error SyntaxError: XMLHttpRequest.open: 'http://%(server)s/dummy-system-addons.xml' is not a valid URL.
JavaScript warning: https://connect.facebook.net/en_US/fbevents.js, line 24: Script terminated by timeout at:
value@https://connect.facebook.net/en_US/fbevents.js:24:7878
@https://connect.facebook.net/en_US/fbevents.js:24:69164

1702282621005	Marionette	INFO	Stopped listening on port 62472
Dynamically enable window occlusion 1
1702282710871	geckodriver	INFO	Listening on 127.0.0.1:62799
1702282713906	mozrunner::runner	INFO	Running command: "C:\\Program Files\\Mozilla Firefox\\firefox.exe" "--marionette" "--remote-debugging-port" "62800" "--remote-allow-hosts" "localhost" "-no-remote" "-profile" "C:\\Users\\elwin\\AppData\\Local\\Temp\\rust_mozprofileh7ZUGr"
console.warn: services.settings: Ignoring preference override of remote settings server
console.warn: services.settings: Allow by setting MOZ_REMOTE_SETTINGS_DEVTOOLS=1 in the environment
1702282714306	Marionette	INFO	Marionette enabled
Dynamically enable window occlusion 0
1702282714390	Marionette	INFO	Listening on port 62808
WebDriver BiDi listening on ws://127.0.0.1:62800
Read port: 62808
1702282714622	RemoteAgent	WARN	TLS certificate errors will be ignored for this session
DevTools listening on ws://127.0.0.1:62800/devtools/browser/558fb164-1fa0-4484-b409-5472c8ef4691
JavaScript warning: https://uww.org/events, line 481: unreachable code after return statement
JavaScript warning: https://uww.org/events, line 481: unreachable code after return statement
1702282745379	addons.xpi	ERROR	System addon update list error SyntaxError: XMLHttpRequest.open: 'http://%(server)s/dummy-system-addons.xml' is not a valid URL.
JavaScript warning: https://connect.facebook.net/en_US/fbevents.js, line 24: Script terminated by timeout at:
value@https://connect.facebook.net/en_US/fbevents.js:24:7878
@https://connect.facebook.net/en_US/fbevents.js:24:69164

1702282776478	Marionette	INFO	Stopped listening on port 62808
Dynamically enable window occlusion 1

console.warn: services.settings: Ignoring preference override of remote settings server
console.warn: services.settings: Allow by setting MOZ_REMOTE_SETTINGS_DEVTOOLS=1 in the environment
1702282773870	Marionette	INFO	Marionette enabled
Dynamically enable window occlusion 0
1702282773959	Marionette	INFO	Listening on port 62905
Read port: 62905
WebDriver BiDi listening on ws://127.0.0.1:62897
1702282774035	RemoteAgent	WARN	TLS certificate errors will be ignored for this session
DevTools listening on ws://127.0.0.1:62897/devtools/browser/6933b4f8-184e-4b7f-b8d1-4e9841286a94
JavaScript warning: https://uww.org/events, line 481: unreachable code after return statement
JavaScript warning: https://uww.org/events, line 481: unreachable code after return statement
1702282804687	addons.xpi	ERROR	System addon update list error SyntaxError: XMLHttpRequest.open: 'http://%(server)s/dummy-system-addons.xml' is not a valid URL.
JavaScript warning: https://connect.facebook.net/en_US/fbevents.js, line 24: Script terminated by timeout at:
value@https://connect.facebook.net/en_US/fbevents.js:24:7878
@https://connect.facebook.net/en_US/fbevents.js:24:69164

1702282877316	Marionette	INFO	Stopped listening on port 62905
Dynamically enable window occlusion 1
EVTOOLS=1 in the environment
1702282800433	Marionette	INFO	Marionette enabled
Dynamically enable window occlusion 0
1702282800507	Marionette	INFO	Listening on port 62985
WebDriver BiDi listening on ws://127.0.0.1:62976
Read port: 62985
1702282800674	RemoteAgent	WARN	TLS certificate errors will be ignored for this session
DevTools listening on ws://127.0.0.1:62976/devtools/browser/0138f518-52d2-4fdc-90e6-d5fab85c1530
JavaScript warning: https://uww.org/events, line 481: unreachable code after return statement
JavaScript warning: https://uww.org/events, line 481: unreachable code after return statement
1702282831103	addons.xpi	ERROR	System addon update list error SyntaxError: XMLHttpRequest.open: 'http://%(server)s/dummy-system-addons.xml' is not a valid URL.
JavaScript warning: https://connect.facebook.net/en_US/fbevents.js, line 24: Script terminated by timeout at:
value@https://connect.facebook.net/en_US/fbevents.js:24:7878
@https://connect.facebook.net/en_US/fbevents.js:24:69164

1702282878352	Marionette	INFO	Stopped listening on port 62985
Dynamically enable window occlusion 1

console.warn: services.settings: Ignoring preference override of remote settings server
console.warn: services.settings: Allow by setting MOZ_REMOTE_SETTINGS_DEVTOOLS=1 in the environment
1702282872843	Marionette	INFO	Marionette enabled
Dynamically enable window occlusion 0
1702282872916	Marionette	INFO	Listening on port 63097
WebDriver BiDi listening on ws://127.0.0.1:63089
Read port: 63097
1702282873102	RemoteAgent	WARN	TLS certificate errors will be ignored for this session
DevTools listening on ws://127.0.0.1:63089/devtools/browser/98660268-d317-4853-8dbe-a1a732a10521
JavaScript warning: https://uww.org/events, line 481: unreachable code after return statement
JavaScript warning: https://uww.org/events, line 481: unreachable code after return statement
1702282904837	addons.xpi	ERROR	System addon update list error SyntaxError: XMLHttpRequest.open: 'http://%(server)s/dummy-system-addons.xml' is not a valid URL.
JavaScript warning: https://connect.facebook.net/en_US/fbevents.js, line 24: Script terminated by timeout at:
value@https://connect.facebook.net/en_US/fbevents.js:24:7878
@https://connect.facebook.net/en_US/fbevents.js:24:69164

1702283290472	Marionette	INFO	Stopped listening on port 63097
Dynamically enable window occlusion 1

console.warn: services.settings: Ignoring preference override of remote settings server
console.warn: services.settings: Allow by setting MOZ_REMOTE_SETTINGS_DEVTOOLS=1 in the environment
1702283245280	Marionette	INFO	Marionette enabled
Dynamically enable window occlusion 0
1702283245436	Marionette	INFO	Listening on port 63386
WebDriver BiDi listening on ws://127.0.0.1:63371
Read port: 63386
1702283245804	RemoteAgent	WARN	TLS certificate errors will be ignored for this session
DevTools listening on ws://127.0.0.1:63371/devtools/browser/0c91f80c-eda6-407b-97c1-419aabb407d6
JavaScript warning: https://uww.org/events, line 481: unreachable code after return statement
JavaScript warning: https://uww.org/events, line 481: unreachable code after return statement
1702283276486	addons.xpi	ERROR	System addon update list error SyntaxError: XMLHttpRequest.open: 'http://%(server)s/dummy-system-addons.xml' is not a valid URL.
JavaScript warning: https://www.googletagmanager.com/gtag/js?id=G-ZDLSR2WZCG&l=dataLayer&cx=c, line 369: Script terminated by timeout at:
Hn@https://www.googletagmanager.com/gtag/js?id=G-ZDLSR2WZCG&l=dataLayer&cx=c:369:338
aa.Km@https://www.googletagmanager.com/gtag/js?id=G-ZDLSR2WZCG&l=dataLayer&cx=c:632:111
aa.Jm/k/<@https://www.googletagmanager.com/gtag/js?id=G-ZDLSR2WZCG&l=dataLayer&cx=c:629:121
Qj@https://www.googletagmanager.com/gtag/js?id=G-ZDLSR2WZCG&l=dataLayer&cx=c:314:342
dk@https://www.googletagmanager.com/gtag/js?id=G-ZDLSR2WZCG&l=dataLayer&cx=c:317:350
k@https://www.googletagmanager.com/gtag/js?id=G-ZDLSR2WZCG&l=dataLayer&cx=c:629:107
c@https://www.googletagmanager.com/gtag/js?id=G-ZDLSR2WZCG&l=dataLayer&cx=c:364:169
yn@https://www.googletagmanager.com/gtag/js?id=G-ZDLSR2WZCG&l=dataLayer&cx=c:365:269
aa.Jm@https://www.googletagmanager.com/gtag/js?id=G-ZDLSR2WZCG&l=dataLayer&cx=c:629:144
c@https://www.googletagmanager.com/gtag/js?id=G-ZDLSR2WZCG&l=dataLayer&cx=c:648:678
nq@https://www.googletagmanager.com/gtag/js?id=G-ZDLSR2WZCG&l=dataLayer&cx=c:415:298
mq.prototype.flush1702283315320	addons.xpi	ERROR	System addon update list error SyntaxError: XMLHttpRequest.open: 'http://%(server)s/dummy-system-addons.xml' is not a valid URL.
JavaScript error: , line 0: NS_ERROR_NOT_AVAILABLE
JavaScript warning: https://connect.facebook.net/en_US/fbevents.js, line 24: Script terminated by timeout at:
value@https://connect.facebook.net/en_US/fbevents.js:24:7878
@https://connect.facebook.net/en_US/fbevents.js:24:69164

1702294401690	Marionette	INFO	Stopped listening on port 63474
Dynamically enable window occlusion 1
2283292151	Marionette	INFO	Stopped listening on port 63386
Dynamically enable window occlusion 1
1702294136440	geckodriver	INFO	Listening on 127.0.0.1:60739
1702294139464	mozrunner::runner	INFO	Running command: "C:\\Program Files\\Mozilla Firefox\\firefox.exe" "--marionette" "--remote-debugging-port" "60740" "--remote-allow-hosts" "localhost" "-no-remote" "-profile" "C:\\Users\\elwin\\AppData\\Local\\Temp\\rust_mozprofileviufA5"
console.warn: services.settings: Ignoring preference override of remote settings server
console.warn: services.settings: Allow by setting MOZ_REMOTE_SETTINGS_DEVTOOLS=1 in the environment
1702294139894	Marionette	INFO	Marionette enabled
Dynamically enable window occlusion 0
1702294139987	Marionette	INFO	Listening on port 60748
WebDriver BiDi listening on ws://127.0.0.1:60740
Read port: 60748
1702294140189	RemoteAgent	WARN	TLS certificate errors will be ignored for this session
DevTools listening on ws://127.0.0.1:60740/devtools/browser/9e635b55-3590-45b2-8af4-09624ac40a74
JavaScript warning: https://uww.org/events, line 175: unreachable code after return statement
JavaScript warning: https://uww.org/events, line 175: unreachable code after return statement
1702294170823	addons.xpi	ERROR	System addon update list error SyntaxError: XMLHttpRequest.open: 'http://%(server)s/dummy-system-addons.xml' is not a valid URL.
JavaScript warning: https://uww.org/events, line 175: unreachable code after return statement
console.error: (new TypeError("currentNode is null", "resource://devtools/client/inspector/shared/style-change-tracker.js", 66))
TypeError: currentNode is null: canMutationImpactCurrentStyles@resource://devtools/client/inspector/shared/style-change-tracker.js:66:20
onMutations@resource://devtools/client/inspector/shared/style-change-tracker.js:84:41
_emit@resource://devtools/shared/event-emitter.js:242:32
emit@resource://devtools/shared/event-emitter.js:186:18
emit@resource://devtools/shared/event-emitter.js:330:18
getMutations@resource://devtools/client/fronts/walker.js:309:10

console.error: "Unable to find target with innerWindowId:6442450945"
console.error: "Unable to find target with innerWindowId:6442450945"
JavaScript warning: https://uww.org/event/ivan-poddubny-1/results, line 144: unreachable code after return statement
JavaScript warning: https://uww.org/event/ivan-poddubny-1/results, line 144: unreachable code after return statement
console.error: "Unable to find target with innerWindowId:6442450945"
console.error: "Unable to find target with innerWindowId:6442450945"
JavaScript error: , line 0: NotFoundError: No such JSWindowActor 'DevToolsFrame'
JavaScript error: , line 0: NotFoundError: No such JSWindowActor 'DevToolsFrame'
JavaScript error: , line 0: NotFoundError: No such JSWindowActor 'DevToolsFrame'
JavaScript error: , line 0: NotFoundError: No such JSWindowActor 'DevToolsFrame'
JavaScript error: , line 0: NotFoundError: No such JSWindowActor 'DevToolsFrame'
JavaScript warning: https://uww.org/events, line 175: unreachable code after return statement
JavaScript warning: https://uww.org/events, line 175: unreachable code after return statement
JavaScript warning: https://connect.facebook.net/en_US/fbevents.js, line 24: Script terminated by timeout at:
value@https://connect.facebook.net/en_US/fbevents.js:24:7878
@https://connect.facebook.net/en_US/fbevents.js:24:69164

1702294402401	Marionette	INFO	Stopped listening on port 60748
Dynamically enable window occlusion 1

console.warn: services.settings: Ignoring preference override of remote settings server
console.warn: services.settings: Allow by setting MOZ_REMOTE_SETTINGS_DEVTOOLS=1 in the environment
1702294398257	Marionette	INFO	Marionette enabled
Dynamically enable window occlusion 0
1702294398328	Marionette	INFO	Listening on port 60973
WebDriver BiDi listening on ws://127.0.0.1:60964
Read port: 60973
1702294398500	RemoteAgent	WARN	TLS certificate errors will be ignored for this session
DevTools listening on ws://127.0.0.1:60964/devtools/browser/f099d434-6c8d-4857-b8fb-2143f5329e48
JavaScript warning: https://uww.org/events, line 175: unreachable code after return statement
JavaScript warning: https://uww.org/events, line 175: unreachable code after return statement
1702294429030	addons.xpi	ERROR	System addon update list error SyntaxError: XMLHttpRequest.open: 'http://%(server)s/dummy-system-addons.xml' is not a valid URL.
JavaScript warning: https://connect.facebook.net/en_US/fbevents.js, line 24: Script terminated by timeout at:
value@https://connect.facebook.net/en_US/fbevents.js:24:7878
@https://connect.facebook.net/en_US/fbevents.js:24:69164

1702294649768	Marionette	INFO	Stopped listening on port 60973
Dynamically enable window occlusion 1

console.warn: services.settings: Ignoring preference override of remote settings server
console.warn: services.settings: Allow by setting MOZ_REMOTE_SETTINGS_DEVTOOLS=1 in the environment
1702294605822	Marionette	INFO	Marionette enabled
Dynamically enable window occlusion 0
1702294605891	Marionette	INFO	Listening on port 61149
WebDriver BiDi listening on ws://127.0.0.1:61140
Read port: 61149
1702294606057	RemoteAgent	WARN	TLS certificate errors will be ignored for this session
DevTools listening on ws://127.0.0.1:61140/devtools/browser/188cccd7-1205-4cd8-919d-abf4eb720ca1
JavaScript warning: https://uww.org/events, line 175: unreachable code after return statement
JavaScript warning: https://uww.org/events, line 175: unreachable code after return statement
1702294636617	addons.xpi	ERROR	System addon update list error SyntaxError: XMLHttpRequest.open: 'http://%(server)s/dummy-system-addons.xml' is not a valid URL.
JavaScript warning: https://www.googletagmanager.com/gtag/js?id=G-ZDLSR2WZCG&l=dataLayer&cx=c, line 171: Script terminated by timeout at:
l@https://www.googletagmanager.com/gtag/js?id=G-ZDLSR2WZCG&l=dataLayer&cx=c:171:17
mA@https://www.googletagmanager.com/gtag/js?id=G-ZDLSR2WZCG&l=dataLayer&cx=c:549:134
nA/<@https://www.googletagmanager.com/gtag/js?id=G-ZDLSR2WZCG&l=dataLayer&cx=c:549:111

1702294651358	Marionette	INFO	Stopped listening on port 61149
Dynamically enable window occlusion 1
LS=1 in the environment
1702294646944	Marionette	INFO	Marionette enabled
Dynamically enable window occlusion 0
1702294647016	Marionette	INFO	Listening on port 61236
WebDriver BiDi listening on ws://127.0.0.1:61227
Read port: 61236
1702294647180	RemoteAgent	WARN	TLS certificate errors will be ignored for this session
DevTools listening on ws://127.0.0.1:61227/devtools/browser/713808c7-5474-4458-800b-9f8d7f364be6
JavaScript warning: https://uww.org/events, line 175: unreachable code after return statement
JavaScript warning: https://uww.org/events, line 175: unreachable code after return statement
1702294678850	addons.xpi	ERROR	System addon update list error SyntaxError: XMLHttpRequest.open: 'http://%(server)s/dummy-system-addons.xml' is not a valid URL.
JavaScript warning: https://connect.facebook.net/en_US/fbevents.js, line 24: Script terminated by timeout at:
value@https://connect.facebook.net/en_US/fbevents.js:24:7878
@https://connect.facebook.net/en_US/fbevents.js:24:69164

1702294687749	Marionette	INFO	Stopped listening on port 61236
Dynamically enable window occlusion 1

console.warn: services.settings: Ignoring preference override of remote settings server
console.warn: services.settings: Allow by setting MOZ_REMOTE_SETTINGS_DEVTOOLS=1 in the environment
1702294682612	Marionette	INFO	Marionette enabled
Dynamically enable window occlusion 0
1702294682686	Marionette	INFO	Listening on port 61322
WebDriver BiDi listening on ws://127.0.0.1:61311
Read port: 61322
1702294682854	RemoteAgent	WARN	TLS certificate errors will be ignored for this session
DevTools listening on ws://127.0.0.1:61311/devtools/browser/b16765b4-1669-4ba7-98c2-3abb48ea7718
JavaScript warning: https://uww.org/events, line 175: unreachable code after return statement
JavaScript warning: https://uww.org/events, line 175: unreachable code after return statement
1702294713310	addons.xpi	ERROR	System addon update list error SyntaxError: XMLHttpRequest.open: 'http://%(server)s/dummy-system-addons.xml' is not a valid URL.
JavaScript warning: https://uww.org/events, line 175: unreachable code after return statement
JavaScript warning: https://www.googletagmanager.com/gtag/js?id=G-ZDLSR2WZCG&l=dataLayer&cx=c, line 418: Script terminated by timeout at:
mq.prototype.flush@https://www.googletagmanager.com/gtag/js?id=G-ZDLSR2WZCG&l=dataLayer&cx=c:418:440
lG/<@https://www.googletagmanager.com/gtag/js?id=G-ZDLSR2WZCG&l=dataLayer&cx=c:649:142
aa.Jk/<@https://www.googletagmanager.com/gtag/js?id=G-ZDLSR2WZCG&l=dataLayer&cx=c:600:126
aa.Jk/c/<@https://www.googletagmanager.com/gtag/js?id=G-ZDLSR2WZCG&l=dataLayer&cx=c:599:420

JavaScript error: resource://gre/modules/AsyncShutdown.sys.mjs, line 573: NotFoundError: No such JSWindowActor 'DevToolsFrame'
1702294982809	Marionette	INFO	Stopped listening on port 61322
Dynamically enable window occlusion 1
1702295041576	geckodriver	INFO	Listening on 127.0.0.1:61565
1702295044607	mozrunner::runner	INFO	Running command: "C:\\Program Files\\Mozilla Firefox\\firefox.exe" "--marionette" "--remote-debugging-port" "61566" "--remote-allow-hosts" "localhost" "-no-remote" "-profile" "C:\\Users\\elwin\\AppData\\Local\\Temp\\rust_mozprofilelnB98N"
console.warn: services.settings: Ignoring preference override of remote settings server
console.warn: services.settings: Allow by setting MOZ_REMOTE_SETTINGS_DEVTOOLS=1 in the environment
1702295044959	Marionette	INFO	Marionette enabled
Dynamically enable window occlusion 0
1702295045030	Marionette	INFO	Listening on port 61574
WebDriver BiDi listening on ws://127.0.0.1:61566
Read port: 61574
1702295045174	RemoteAgent	WARN	TLS certificate errors will be ignored for this session
DevTools listening on ws://127.0.0.1:61566/devtools/browser/b805a3bd-9912-4415-8004-405b691df7fc
JavaScript warning: https://uww.org/events, line 175: unreachable code after return statement
1702295076840	addons.xpi	ERROR	System addon update list error SyntaxError: XMLHttpRequest.open: 'http://%(server)s/dummy-system-addons.xml' is not a valid URL.
JavaScript error: , line 0: uncaught exception: error
JavaScript warning: https://connect.facebook.net/en_US/fbevents.js, line 24: Script terminated by timeout at:
value@https://connect.facebook.net/en_US/fbevents.js:24:7878
@https://connect.facebook.net/en_US/fbevents.js:24:69164

1702295335218	Marionette	INFO	Stopped listening on port 61574
Dynamically enable window occlusion 1

console.warn: services.settings: Ignoring preference override of remote settings server
console.warn: services.settings: Allow by setting MOZ_REMOTE_SETTINGS_DEVTOOLS=1 in the environment
1702295262287	Marionette	INFO	Marionette enabled
Dynamically enable window occlusion 0
1702295262382	Marionette	INFO	Listening on port 61765
WebDriver BiDi listening on ws://127.0.0.1:61757
Read port: 61765
1702295262589	RemoteAgent	WARN	TLS certificate errors will be ignored for this session
DevTools listening on ws://127.0.0.1:61757/devtools/browser/4705ec10-be32-496d-aed2-caf746341a2f
JavaScript warning: https://uww.org/events, line 175: unreachable code after return statement
JavaScript warning: https://uww.org/events, line 175: unreachable code after return statement
1702295293032	addons.xpi	ERROR	System addon update list error SyntaxError: XMLHttpRequest.open: 'http://%(server)s/dummy-system-addons.xml' is not a valid URL.
JavaScript warning: https://connect.facebook.net/en_US/fbevents.js, line 24: Script terminated by timeout at:
value@https://connect.facebook.net/en_US/fbevents.js:24:7878
@https://connect.facebook.net/en_US/fbevents.js:24:69164

1702295336912	Marionette	INFO	Stopped listening on port 61765
Dynamically enable window occlusion 1
EVTOOLS=1 in the environment
1702295292038	Marionette	INFO	Marionette enabled
Dynamically enable window occlusion 0
1702295292110	Marionette	INFO	Listening on port 61844
WebDriver BiDi listening on ws://127.0.0.1:61834
Read port: 61844
1702295292333	RemoteAgent	WARN	TLS certificate errors will be ignored for this session
DevTools listening on ws://127.0.0.1:61834/devtools/browser/04accbf7-9da4-432c-a10f-b527c0d3c3d3
JavaScript warning: https://uww.org/events, line 175: unreachable code after return statement
JavaScript warning: https://uww.org/events, line 175: unreachable code after return statement
1702295322069	addons.xpi	ERROR	System addon update list error SyntaxError: XMLHttpRequest.open: 'http://%(server)s/dummy-system-addons.xml' is not a valid URL.
JavaScript warning: https://connect.facebook.net/en_US/fbevents.js, line 24: Script terminated by timeout at:
value@https://connect.facebook.net/en_US/fbevents.js:24:7878
@https://connect.facebook.net/en_US/fbevents.js:24:69164

1702295338396	Marionette	INFO	Stopped listening on port 61844
Dynamically enable window occlusion 1

console.warn: services.settings: Ignoring preference override of remote settings server
console.warn: services.settings: Allow by setting MOZ_REMOTE_SETTINGS_DEVTOOLS=1 in the environment
1702295328824	Marionette	INFO	Marionette enabled
Dynamically enable window occlusion 0
1702295328910	Marionette	INFO	Listening on port 61931
WebDriver BiDi listening on ws://127.0.0.1:61922
Read port: 61931
1702295329146	RemoteAgent	WARN	TLS certificate errors will be ignored for this session
DevTools listening on ws://127.0.0.1:61922/devtools/browser/b6d1f328-2a05-4fad-8cf3-c51445e48047
JavaScript warning: https://uww.org/events, line 175: unreachable code after return statement
JavaScript warning: https://uww.org/events, line 175: unreachable code after return statement
1702295359694	addons.xpi	ERROR	System addon update list error SyntaxError: XMLHttpRequest.open: 'http://%(server)s/dummy-system-addons.xml' is not a valid URL.
1702295460247	geckodriver	INFO	Listening on 127.0.0.1:62061
1702295463308	mozrunner::runner	INFO	Running command: "C:\\Program Files\\Mozilla Firefox\\firefox.exe" "--marionette" "--remote-debugging-port" "62062" "--remote-allow-hosts" "localhost" "-no-remote" "-profile" "C:\\Users\\elwin\\AppData\\Local\\Temp\\rust_mozprofilepyXJEn"
console.warn: services.settings: Ignoring preference override of remote settings server
console.warn: services.settings: Allow by setting MOZ_REMOTE_SETTINGS_DEVTOOLS=1 in the environment
1702295463617	Marionette	INFO	Marionette enabled
Dynamically enable window occlusion 0
1702295463690	Marionette	INFO	Listening on port 62072
WebDriver BiDi listening on ws://127.0.0.1:62062
Read port: 62072
1702295463854	RemoteAgent	WARN	TLS certificate errors will be ignored for this session
DevTools listening on ws://127.0.0.1:62062/devtools/browser/95d20988-a5fa-495c-88e5-83b885f5a200
JavaScript warning: https://uww.org/events, line 175: unreachable code after return statement
JavaScript warning: https://uww.org/events, line 175: unreachable code after return statement
1702295494292	addons.xpi	ERROR	System addon update list error SyntaxError: XMLHttpRequest.open: 'http://%(server)s/dummy-system-addons.xml' is not a valid URL.
